<?xml version="1.0" encoding="UTF-8"?>
<testsuite xmlns:xsi="http://www.w3.org/2001/XMLSchema-instance" xsi:noNamespaceSchemaLocation="https://maven.apache.org/surefire/maven-surefire-plugin/xsd/surefire-test-report-3.0.xsd" version="3.0" name="com.ader.RestApi.RestApiApplicationTests" time="1.879" tests="1" errors="0" skipped="0" failures="0">
  <properties>
[...]
</properties>
  <testcase name="contextLoads" classname="com.ader.RestApi.RestApiApplicationTests" time="0.45">
    <system-out><![CDATA[01:24:39.331 [main] INFO org.springframework.test.context.support.AnnotationConfigContextLoaderUtils -- Could not detect default configuration classes for test class [com.ader.RestApi.RestApiApplicationTests]: RestApiApplicationTests does not declare any static, non-private, non-final, nested classes annotated with @Configuration.
01:24:39.388 [main] INFO org.springframework.boot.test.context.SpringBootTestContextBootstrapper -- Found @SpringBootConfiguration com.ader.RestApi.RestApiApplication for test class com.ader.RestApi.RestApiApplicationTests

  .   ____          _            __ _ _
 /\\ / ___'_ __ _ _(_)_ __  __ _ \ \ \ \
( ( )\___ | '_ | '_| | '_ \/ _` | \ \ \ \
 \\/  ___)| |_)| | | | | || (_| |  ) ) ) )
  '  |____| .__|_| |_|_| |_\__, | / / / /
 =========|_|==============|___/=/_/_/_/

 :: Spring Boot ::                (v3.3.4)

2024-10-29T01:24:39.656+01:00  INFO 24658 --- [           main] c.ader.RestApi.RestApiApplicationTests   : Starting RestApiApplicationTests using Java 23.0.1 with PID 24658 (started by amalireda in /Users/amalireda/Desktop/ToBeRestFul/ex00/CenterEducation-center)
2024-10-29T01:24:39.657+01:00  INFO 24658 --- [           main] c.ader.RestApi.RestApiApplicationTests   : No active profile set, falling back to 1 default profile: "default"
2024-10-29T01:24:40.130+01:00  INFO 24658 --- [           main] o.s.j.d.e.EmbeddedDatabaseFactory        : Starting embedded database: url='jdbc:h2:mem:testdb;DB_CLOSE_DELAY=-1;DB_CLOSE_ON_EXIT=false', username='sa'
2024-10-29T01:24:40.639+01:00  INFO 24658 --- [           main] c.ader.RestApi.RestApiApplicationTests   : Started RestApiApplicationTests in 1.18 seconds (process running for 1.734)
]]></system-out>
    <system-err><![CDATA[WARNING: A Java agent has been loaded dynamically (/Users/amalireda/.m2/repository/net/bytebuddy/byte-buddy-agent/1.14.19/byte-buddy-agent-1.14.19.jar)
WARNING: If a serviceability tool is in use, please run with -XX:+EnableDynamicAgentLoading to hide this warning
WARNING: If a serviceability tool is not in use, please run with -Djdk.instrument.traceUsage for more information
WARNING: Dynamic loading of agents will be disallowed by default in a future release
]]></system-err>
  </testcase>
</testsuite>